<?xml version="1.0" encoding="UTF-8"?>
<!-- Generated by org.testng.reporters.JUnitReportReporter -->
<testsuite hostname="SIPL92" failures="0" tests="1" name="CR46.CR46" time="91.829" errors="0" timestamp="2022-05-13T17:44:18 IST" skipped="0">
  <testcase classname="CR46.CR46" name="cr46" time="91.829"/>
  <system-out/>
</testsuite> <!-- CR46.CR46 -->
